<?xml version="1.0" encoding="UTF-8"?>
<!-- Generated by org.testng.reporters.JUnitXMLReporter -->
<testsuite ignored="0" hostname="Kevins-MBP.lan" failures="1" tests="10" name="Command line test" time="14.269" errors="0" timestamp="2024-04-27T16:20:02 BST">
  <testcase classname="rocksolicitors.TabletTest" name="@AfterTest CleaningUpTheEnvironment" time="3.501">
    <failure type="java.lang.NullPointerException" message="Cannot invoke &amp;quot;org.openqa.selenium.WebDriver.quit()&amp;quot; because &amp;quot;rocksolicitors.TabletTest.driver&amp;quot; is null">
      <![CDATA[java.lang.NullPointerException: Cannot invoke "org.openqa.selenium.WebDriver.quit()" because "rocksolicitors.TabletTest.driver" is null
at rocksolicitors.TabletTest.CleaningUpTheEnvironment(TabletTest.java:31)
... Removed 34 stack frames]]>
    </failure>
  </testcase> <!-- @AfterTest CleaningUpTheEnvironment -->
  <testcase classname="rocksolicitors.TabletTest" name="checkHomePage" time="0.0"/>
  <testcase classname="rocksolicitors.TabletTest" name="mobileWebLogin" time="0.0"/>
  <testcase classname="rocksolicitors.TabletTest" name="tearDown" time="0.001"/>
  <testcase classname="rocksolicitors.AppiumTest" name="IOSApps" time="0.0"/>
  <testcase classname="rocksolicitors.AppiumTest" name="NativeAppAndroid" time="0.0"/>
  <testcase classname="rocksolicitors.AppiumTest" name="SymbianAPP" time="0.0"/>
  <testcase classname="rocksolicitors.SeleniumTest" name="BrowserAutomation" time="3.009">
    <failure type="java.lang.NullPointerException" message="Cannot invoke &amp;quot;org.openqa.selenium.WebDriver.quit()&amp;quot; because &amp;quot;rocksolicitors.SeleniumTest.driver&amp;quot; is null">
      <![CDATA[java.lang.NullPointerException: Cannot invoke "org.openqa.selenium.WebDriver.quit()" because "rocksolicitors.SeleniumTest.driver" is null
at rocksolicitors.SeleniumTest.BrowserAutomation(SeleniumTest.java:321)
at java.base/java.util.ArrayList.forEach(ArrayList.java:1511)
... Removed 37 stack frames]]>
    </failure>
  </testcase> <!-- BrowserAutomation -->
  <testcase classname="rocksolicitors.SeleniumTest" name="elements" time="0.0"/>
  <testcase classname="rocksolicitors.RESTAPITest" name="deleteTwitter" time="0.0"/>
  <testcase classname="rocksolicitors.RESTAPITest" name="postJira" time="0.001"/>
</testsuite> <!-- Command line test -->
