<?xml version="1.0" encoding="UTF-8"?>
<!-- Generated by org.testng.reporters.JUnitXMLReporter -->
<testsuite ignored="0" hostname="DESKTOP-TBSD3T7" failures="1" tests="2" name="Selenium Web Test" time="45.856" errors="0" timestamp="2020-09-09T12:47:08 BST">
  <testcase classname="rocksolicitors.SeleniumTest" name="BrowserAutomation" time="32.328">
    <failure type="java.lang.AssertionError" message="expected [true] but found [false]">
      <![CDATA[java.lang.AssertionError: expected [true] but found [false]
at rocksolicitors.SeleniumTest.BrowserAutomation(SeleniumTest.java:117)
at java.base/java.util.ArrayList.forEach(ArrayList.java:1540)
... Removed 35 stack frames]]>
    </failure>
  </testcase> <!-- BrowserAutomation -->
  <testcase classname="rocksolicitors.SeleniumTest" name="elements" time="0.0"/>
</testsuite> <!-- Selenium Web Test -->
